Build started 8/7/2015 4:53:32 PM.
     1>Project "D:\vinods\Repos\MSR-DSSM\private\vinods\CudalibManaged\Kernels\Kernels.vcxproj" on node 2 (Build target(s)).
     1>AddCudaCompileDeps:
         C:\Program Files (x86)\Microsoft Visual Studio 12.0\VC\bin\x86_amd64\cl.exe /E /nologo /showIncludes /TP /D__CUDACC__ /DWIN32 /DWIN64 /D_DEBUG /D_CONSOLE /D_MBCS /I"C:\Program Files\NVIDIA GPU Computing Toolkit\CUDA\v7.0\include" /I"C:\Program Files\NVIDIA GPU Computing Toolkit\CUDA\v7.0\bin" /I"C:\Program Files\NVIDIA GPU Computing Toolkit\CUDA\v7.0\include" /I. /FIcuda_runtime.h /c D:\vinods\Repos\MSR-DSSM\private\vinods\CudalibManaged\Kernels\kernel.cu 
       CudaBuild:
         Compiling CUDA source file kernel.cu...
         cmd.exe /C "C:\Users\vinods\AppData\Local\Temp\2\tmpb969947cf6d8435780ce3bb9e5d5cfc5.cmd"
         "C:\Program Files\NVIDIA GPU Computing Toolkit\CUDA\v7.0\bin\nvcc.exe" -gencode=arch=compute_20,code=\"sm_20,compute_20\" --use-local-env --cl-version 2013 -ccbin "C:\Program Files (x86)\Microsoft Visual Studio 12.0\VC\bin\x86_amd64"  -I"C:\Program Files\NVIDIA GPU Computing Toolkit\CUDA\v7.0\include" -I"C:\Program Files\NVIDIA GPU Computing Toolkit\CUDA\v7.0\include" --source-in-ptx -G  --keep --keep-dir x64\Debug -maxrregcount=0  --machine 64 --compile -cudart static  -g   -DWIN32 -DWIN64 -D_DEBUG -D_CONSOLE -D_MBCS -Xcompiler "/EHsc /W3 /nologo /Od /Zi /RTC1 /MDd  " -o x64\Debug\kernel.cu.obj "D:\vinods\Repos\MSR-DSSM\private\vinods\CudalibManaged\Kernels\kernel.cu"
         
         D:\vinods\Repos\MSR-DSSM\private\vinods\CudalibManaged\Kernels>"C:\Program Files\NVIDIA GPU Computing Toolkit\CUDA\v7.0\bin\nvcc.exe" -gencode=arch=compute_20,code=\"sm_20,compute_20\" --use-local-env --cl-version 2013 -ccbin "C:\Program Files (x86)\Microsoft Visual Studio 12.0\VC\bin\x86_amd64"  -I"C:\Program Files\NVIDIA GPU Computing Toolkit\CUDA\v7.0\include" -I"C:\Program Files\NVIDIA GPU Computing Toolkit\CUDA\v7.0\include" --source-in-ptx -G  --keep --keep-dir x64\Debug -maxrregcount=0  --machine 64 --compile -cudart static  -g   -DWIN32 -DWIN64 -D_DEBUG -D_CONSOLE -D_MBCS -Xcompiler "/EHsc /W3 /nologo /Od /Zi /RTC1 /MDd  " -o x64\Debug\kernel.cu.obj "D:\vinods\Repos\MSR-DSSM\private\vinods\CudalibManaged\Kernels\kernel.cu" 
         kernel.cu
       Link:
         C:\Program Files (x86)\Microsoft Visual Studio 12.0\VC\bin\x86_amd64\link.exe /ERRORREPORT:PROMPT /OUT:"D:\vinods\Repos\MSR-DSSM\private\vinods\CudalibManaged\x64\Debug\Kernels.exe" /INCREMENTAL /NOLOGO /LIBPATH:"C:\Program Files\NVIDIA GPU Computing Toolkit\CUDA\v7.0\lib\x64" cudart.lib kernel32.lib user32.lib gdi32.lib winspool.lib comdlg32.lib advapi32.lib shell32.lib ole32.lib oleaut32.lib uuid.lib odbc32.lib odbccp32.lib kernel32.lib user32.lib gdi32.lib winspool.lib comdlg32.lib advapi32.lib shell32.lib ole32.lib oleaut32.lib uuid.lib odbc32.lib odbccp32.lib /MANIFEST /MANIFESTUAC:"level='asInvoker' uiAccess='false'" /manifest:embed /DEBUG /PDB:"D:\vinods\Repos\MSR-DSSM\private\vinods\CudalibManaged\x64\Debug\Kernels.pdb" /SUBSYSTEM:CONSOLE /TLBID:1 /DYNAMICBASE /NXCOMPAT /IMPLIB:"D:\vinods\Repos\MSR-DSSM\private\vinods\CudalibManaged\x64\Debug\Kernels.lib" /MACHINE:X64 x64\Debug\kernel.cu.obj
         Kernels.vcxproj -> D:\vinods\Repos\MSR-DSSM\private\vinods\CudalibManaged\x64\Debug\Kernels.exe
       PostBuildEvent:
         echo copy "C:\Program Files\NVIDIA GPU Computing Toolkit\CUDA\v7.0\bin\cudart*.dll" "D:\vinods\Repos\MSR-DSSM\private\vinods\CudalibManaged\x64\Debug\"
         copy "C:\Program Files\NVIDIA GPU Computing Toolkit\CUDA\v7.0\bin\cudart*.dll" "D:\vinods\Repos\MSR-DSSM\private\vinods\CudalibManaged\x64\Debug\"
         copy D:\vinods\Repos\MSR-DSSM\private\vinods\CudalibManaged\Kernels\x64\Debug\kernel.ptx D:\vinods\Repos\MSR-DSSM\private\vinods\CudalibManaged\CudalibManaged
         :VCEnd
         copy "C:\Program Files\NVIDIA GPU Computing Toolkit\CUDA\v7.0\bin\cudart*.dll" "D:\vinods\Repos\MSR-DSSM\private\vinods\CudalibManaged\x64\Debug\"
         C:\Program Files\NVIDIA GPU Computing Toolkit\CUDA\v7.0\bin\cudart32_70.dll
         C:\Program Files\NVIDIA GPU Computing Toolkit\CUDA\v7.0\bin\cudart64_70.dll
                 2 file(s) copied.
                 1 file(s) copied.
     1>Done Building Project "D:\vinods\Repos\MSR-DSSM\private\vinods\CudalibManaged\Kernels\Kernels.vcxproj" (Build target(s)).

Build succeeded.

Time Elapsed 00:00:15.64
